# Logfile created on 2014-04-10 11:45:15 -0400 by logger.rb/41954
I, [2014-04-10T11:45:15.816432 #1818]  INFO -- : 0:  bson (1.10.0) from /Users/pitosalas/.rbenv/versions/2.0.0-p353/lib/ruby/gems/2.0.0/specifications/bson-1.10.0.gemspec
I, [2014-04-10T11:45:17.999883 #1818]  INFO -- : 0:  bson_ext (1.10.0) from /Users/pitosalas/.rbenv/versions/2.0.0-p353/lib/ruby/gems/2.0.0/specifications/bson_ext-1.10.0.gemspec
I, [2014-04-10T11:45:19.256316 #1818]  INFO -- : 0:  mongo (1.10.0) from /Users/pitosalas/.rbenv/versions/2.0.0-p353/lib/ruby/gems/2.0.0/specifications/mongo-1.10.0.gemspec
I, [2014-04-10T11:45:19.256655 #1818]  INFO -- : 0:  bundler (1.5.1) from /Users/pitosalas/.rbenv/versions/2.0.0-p353/lib/ruby/gems/2.0.0/specifications/bundler-1.5.1.gemspec
I, [2014-04-10T11:48:03.291230 #1975]  INFO -- : 0:  bson (1.10.0) from /Users/pitosalas/.rbenv/versions/2.0.0-p353/lib/ruby/gems/2.0.0/specifications/bson-1.10.0.gemspec
I, [2014-04-10T11:48:03.291545 #1975]  INFO -- : 0:  bson_ext (1.10.0) from /Users/pitosalas/.rbenv/versions/2.0.0-p353/lib/ruby/gems/2.0.0/specifications/bson_ext-1.10.0.gemspec
I, [2014-04-10T11:48:03.291773 #1975]  INFO -- : 0:  i18n (0.6.9) from /Users/pitosalas/.rbenv/versions/2.0.0-p353/lib/ruby/gems/2.0.0/specifications/i18n-0.6.9.gemspec
I, [2014-04-10T11:48:04.681300 #1975]  INFO -- : 0:  faker (1.3.0) from /Users/pitosalas/.rbenv/versions/2.0.0-p353/lib/ruby/gems/2.0.0/specifications/faker-1.3.0.gemspec
I, [2014-04-10T11:48:04.681703 #1975]  INFO -- : 0:  mongo (1.10.0) from /Users/pitosalas/.rbenv/versions/2.0.0-p353/lib/ruby/gems/2.0.0/specifications/mongo-1.10.0.gemspec
I, [2014-04-10T11:48:04.681936 #1975]  INFO -- : 0:  bundler (1.5.1) from /Users/pitosalas/.rbenv/versions/2.0.0-p353/lib/ruby/gems/2.0.0/specifications/bundler-1.5.1.gemspec
I, [2014-04-10T13:08:25.721647 #6911]  INFO -- : 0:  bson (1.10.0) from /Users/pitosalas/.rbenv/versions/2.0.0-p353/lib/ruby/gems/2.0.0/specifications/bson-1.10.0.gemspec
I, [2014-04-10T13:08:25.722988 #6911]  INFO -- : 0:  bson_ext (1.10.0) from /Users/pitosalas/.rbenv/versions/2.0.0-p353/lib/ruby/gems/2.0.0/specifications/bson_ext-1.10.0.gemspec
I, [2014-04-10T13:08:25.723276 #6911]  INFO -- : 0:  coderay (1.1.0) from /Users/pitosalas/.rbenv/versions/2.0.0-p353/lib/ruby/gems/2.0.0/specifications/coderay-1.1.0.gemspec
I, [2014-04-10T13:08:25.723568 #6911]  INFO -- : 0:  i18n (0.6.9) from /Users/pitosalas/.rbenv/versions/2.0.0-p353/lib/ruby/gems/2.0.0/specifications/i18n-0.6.9.gemspec
I, [2014-04-10T13:08:25.723848 #6911]  INFO -- : 0:  faker (1.3.0) from /Users/pitosalas/.rbenv/versions/2.0.0-p353/lib/ruby/gems/2.0.0/specifications/faker-1.3.0.gemspec
I, [2014-04-10T13:08:25.724173 #6911]  INFO -- : 0:  method_source (0.8.2) from /Users/pitosalas/.rbenv/versions/2.0.0-p353/lib/ruby/gems/2.0.0/specifications/method_source-0.8.2.gemspec
I, [2014-04-10T13:08:25.724419 #6911]  INFO -- : 0:  mongo (1.10.0) from /Users/pitosalas/.rbenv/versions/2.0.0-p353/lib/ruby/gems/2.0.0/specifications/mongo-1.10.0.gemspec
I, [2014-04-10T13:08:25.724783 #6911]  INFO -- : 0:  slop (3.5.0) from /Users/pitosalas/.rbenv/versions/2.0.0-p353/lib/ruby/gems/2.0.0/specifications/slop-3.5.0.gemspec
I, [2014-04-10T13:08:25.725180 #6911]  INFO -- : 0:  pry (0.9.12.6) from /Users/pitosalas/.rbenv/versions/2.0.0-p353/lib/ruby/gems/2.0.0/specifications/pry-0.9.12.6.gemspec
I, [2014-04-10T13:08:25.725461 #6911]  INFO -- : 0:  bundler (1.5.1) from /Users/pitosalas/.rbenv/versions/2.0.0-p353/lib/ruby/gems/2.0.0/specifications/bundler-1.5.1.gemspec
